  pH             pKa/Em  n(slope) 1000*chi2
NTR+A0003_        8.257     0.987     0.020
ASP-A0008_        2.558     0.883     0.193
ASP-A0012_        3.723     0.902     0.587
TYR-A0013_       11.562     0.706     1.849
TYR-A0017_       10.138     0.774     0.667
HIS+A0018_        7.269     1.019     0.005
LYS+A0019_       10.804     0.694     0.499
ASP-A0022_        2.463     0.948     0.045
TYR-A0024_          pKa or Em out of range   
LYS+A0027_       10.548     0.688     3.808
GLU-A0029_        4.120     0.929     0.186
LYS+A0039_       10.372     0.997     0.010
ASP-A0044_        3.663     0.987     0.034
LYS+A0049_       11.198     0.870     0.017
ASP-A0054_        2.669     0.830     0.097
ARG+A0059_       12.664     0.845     0.080
GLU-A0060_        3.324     1.042     0.271
LYS+A0062_       10.620     0.898     0.390
LYS+A0066_        9.889     0.983     0.343
ARG+A0069_       13.168     0.968     0.259
ARG+A0072_        pKa or Em out of range   
GLU-A0073_        3.366     0.809     1.248
ASP-A0075_        0.403     1.150     0.020
TYR-A0078_       13.222     0.913     0.044
ARG+A0083_        pKa or Em out of range   
ASP-A0086_        3.795     0.883     0.179
ARG+A0087_          pKa or Em out of range   
TYR-A0090_       12.116     0.488     4.988
ASP-A0093_        1.318     1.003     0.014
TYR-A0097_       11.168     0.655     0.517
LYS+A0098_        9.772     0.955     0.106
ASP-A0101_        2.592     0.918     0.036
HIS+A0102_        6.428     1.021     0.009
TYR-A0103_       12.229     0.548     2.828
LYS+A0108_       11.222     0.738     0.258
ARG+A0110_       13.775     1.007     0.051
CTR-A0110_        2.779     0.884     0.026
