  pH           0     1     2     3     4     5     6     7     8     9    10    11    12    13    14
NTR+A0003_  1.00  1.00  1.00  1.00  1.00  1.00  0.99  0.95  0.64  0.16  0.02  0.00  0.00  0.00  0.00
ASP-A0008_ -0.00 -0.04 -0.25 -0.71 -0.94 -1.00 -1.00 -1.00 -1.00 -1.00 -1.00 -1.00 -1.00 -1.00 -1.00
ASP-A0012_ -0.00 -0.00 -0.04 -0.19 -0.63 -0.95 -1.00 -1.00 -1.00 -1.00 -1.00 -1.00 -1.00 -1.00 -1.00
TYR-A0013_ -0.00 -0.00 -0.00 -0.00 -0.00 -0.00 -0.00 -0.00 -0.00 -0.02 -0.11 -0.28 -0.66 -0.93 -0.99
TYR-A0017_ -0.00 -0.00 -0.00 -0.00 -0.00 -0.00 -0.00 -0.00 -0.01 -0.11 -0.45 -0.81 -0.95 -0.99 -1.00
HIS+A0018_  1.00  1.00  1.00  1.00  1.00  0.99  0.95  0.65  0.16  0.02  0.00  0.00  0.00  0.00  0.00
LYS+A0019_  1.00  1.00  1.00  1.00  1.00  1.00  1.00  1.00  1.00  0.96  0.77  0.42  0.14  0.02  0.00
ASP-A0022_ -0.00 -0.04 -0.27 -0.76 -0.96 -1.00 -1.00 -1.00 -1.00 -1.00 -1.00 -1.00 -1.00 -1.00 -1.00
TYR-A0024_ -0.00 -0.00 -0.00 -0.00 -0.00 -0.00 -0.00 -0.00 -0.00 -0.00 -0.00 -0.00 -0.00 -0.00 -0.00
LYS+A0027_  1.00  1.00  1.00  1.00  1.00  1.00  1.00  1.00  1.00  0.95  0.69  0.31  0.13  0.05  0.01
GLU-A0029_ -0.00 -0.00 -0.01 -0.10 -0.43 -0.87 -0.99 -1.00 -1.00 -1.00 -1.00 -1.00 -1.00 -1.00 -1.00
LYS+A0039_  1.00  1.00  1.00  1.00  1.00  1.00  1.00  1.00  1.00  0.96  0.70  0.20  0.02  0.00  0.00
ASP-A0044_ -0.00 -0.00 -0.02 -0.19 -0.68 -0.95 -1.00 -1.00 -1.00 -1.00 -1.00 -1.00 -1.00 -1.00 -1.00
LYS+A0049_  1.00  1.00  1.00  1.00  1.00  1.00  1.00  1.00  1.00  0.99  0.91  0.60  0.17  0.03  0.00
ASP-A0054_ -0.00 -0.04 -0.22 -0.65 -0.92 -0.99 -1.00 -1.00 -1.00 -1.00 -1.00 -1.00 -1.00 -1.00 -1.00
ARG+A0059_  1.00  1.00  1.00  1.00  1.00  1.00  1.00  1.00  1.00  1.00  0.99  0.95  0.78  0.35  0.07
GLU-A0060_ -0.00 -0.00 -0.05 -0.32 -0.83 -1.00 -1.00 -1.00 -1.00 -1.00 -1.00 -1.00 -1.00 -1.00 -1.00
LYS+A0062_  1.00  1.00  1.00  1.00  1.00  1.00  1.00  1.00  1.00  0.98  0.78  0.31  0.07  0.01  0.00
LYS+A0066_  1.00  1.00  1.00  1.00  1.00  1.00  1.00  1.00  1.00  0.88  0.43  0.09  0.01  0.00  0.00
ARG+A0069_  1.00  1.00  1.00  1.00  1.00  1.00  1.00  1.00  1.00  1.00  1.00  1.00  0.94  0.58  0.15
ARG+A0072_  1.00  1.00  1.00  1.00  1.00  1.00  1.00  1.00  1.00  1.00  1.00  0.98  0.90  0.78  0.57
GLU-A0073_ -0.00 -0.02 -0.09 -0.33 -0.75 -0.98 -1.00 -1.00 -1.00 -1.00 -1.00 -1.00 -1.00 -1.00 -1.00
ASP-A0075_ -0.26 -0.82 -0.99 -1.00 -1.00 -1.00 -1.00 -1.00 -1.00 -1.00 -1.00 -1.00 -1.00 -1.00 -1.00
TYR-A0078_ -0.00 -0.00 -0.00 -0.00 -0.00 -0.00 -0.00 -0.00 -0.00 -0.00 -0.00 -0.01 -0.08 -0.38 -0.84
ARG+A0083_  1.00  1.00  1.00  1.00  1.00  1.00  1.00  1.00  1.00  1.00  1.00  1.00  1.00  0.97  0.98
ASP-A0086_ -0.00 -0.01 -0.03 -0.17 -0.59 -0.93 -0.99 -1.00 -1.00 -1.00 -1.00 -1.00 -1.00 -1.00 -1.00
ARG+A0087_  1.00  1.00  1.00  1.00  1.00  1.00  1.00  1.00  1.00  1.00  1.00  1.00  1.00  1.00  1.00
TYR-A0090_ -0.00 -0.00 -0.00 -0.00 -0.00 -0.00 -0.00 -0.00 -0.00 -0.01 -0.06 -0.22 -0.50 -0.73 -0.84
ASP-A0093_ -0.05 -0.33 -0.82 -0.98 -1.00 -1.00 -1.00 -1.00 -1.00 -1.00 -1.00 -1.00 -1.00 -1.00 -1.00
TYR-A0097_ -0.00 -0.00 -0.00 -0.00 -0.00 -0.00 -0.00 -0.00 -0.00 -0.03 -0.15 -0.45 -0.76 -0.94 -0.99
LYS+A0098_  1.00  1.00  1.00  1.00  1.00  1.00  1.00  1.00  0.98  0.84  0.38  0.07  0.01  0.00  0.00
ASP-A0101_ -0.00 -0.03 -0.23 -0.70 -0.95 -0.99 -1.00 -1.00 -1.00 -1.00 -1.00 -1.00 -1.00 -1.00 -1.00
HIS+A0102_  1.00  1.00  1.00  1.00  1.00  0.96  0.73  0.21  0.02  0.00  0.00  0.00  0.00  0.00  0.00
TYR-A0103_ -0.00 -0.00 -0.00 -0.00 -0.00 -0.00 -0.00 -0.00 -0.00 -0.01 -0.08 -0.20 -0.41 -0.71 -0.93
LYS+A0108_  1.00  1.00  1.00  1.00  1.00  1.00  1.00  1.00  1.00  0.98  0.88  0.59  0.22  0.04  0.00
ARG+A0110_  1.00  1.00  1.00  1.00  1.00  1.00  1.00  1.00  1.00  1.00  1.00  1.00  0.99  0.85  0.38
CTR-A0110_ -0.00 -0.03 -0.18 -0.61 -0.92 -0.99 -1.00 -1.00 -1.00 -1.00 -1.00 -1.00 -1.00 -1.00 -1.00
----------
Net_Charge 16.68 15.65 13.79 10.30  6.39  4.31  3.69  2.81  1.78  0.53 -2.30 -6.45 -9.97 -13.00 -15.44
Protons    16.68 15.65 13.79 10.30  6.39  4.31  3.69  2.81  1.78  0.53 -2.30 -6.45 -9.97 -13.00 -15.44
Electrons   0.00  0.00  0.00  0.00  0.00  0.00  0.00  0.00  0.00  0.00  0.00  0.00  0.00  0.00  0.00
